Actel Designer Software
Version: 11.0.0.23
Release: v11.0

Info: The design gc.adb was last modified by software version 11.0.0.23.
Opened an existing Libero design gc.adb.
'BA_NAME' set to 'gc_ba'
'IDE_DESIGNERVIEW_NAME' set to 'Impl1'
'IDE_DESIGNERVIEW_COUNT' set to '1'
'IDE_DESIGNERVIEW_REV0' set to 'Impl1'
'IDE_DESIGNERVIEW_REVNUM0' set to '1'
'IDE_DESIGNERVIEW_ROOTDIR' set to 'C:\Users\mikechri\Downloads\gc\gc\designer'
'IDE_DESIGNERVIEW_LASTREV' set to '1'
Wrote timing report to file: gc_maxdelay_timing_report.txt

The Report command succeeded ( 00:00:04 )
Wrote timing report to file: gc_mindelay_timing_report.txt

The Report command succeeded ( 00:00:00 )
Wrote timing_violations report to file: gc_maxdelay_timingviolations_report.txt

The Report command succeeded ( 00:00:01 )
Wrote timing_violations report to file: gc_mindelay_timingviolations_report.txt

The Report command succeeded ( 00:00:00 )
Design saved to file C:\Users\mikechri\Downloads\gc\gc\designer\impl1\gc.adb.

The Execute Script command succeeded ( 00:00:07 )
Design closed.

