C:\Microsemi\Libero_v11.0\Synopsys\synplify_G201209MSP1\bin64\c_ver.exe  -osyn  C:\Users\knekritz\UMKarts\gc\synthesis\synwork\gc_compiler.srs  -top  gc  -prodtype  synplify_pro  -nram -fixsmult   -divnmod -I C:\Users\knekritz\UMKarts\gc\synthesis\  -I C:\Microsemi\Libero_v11.0\Synopsys\synplify_G201209MSP1\lib  -v2001  -devicelib  C:\Microsemi\Libero_v11.0\Synopsys\synplify_G201209MSP1\lib\proasic\smartfusion.v  -encrypt  -pro  -dmgen  C:\Users\knekritz\UMKarts\gc\synthesis\dm  -ll 2000   -ui -fid2 -ram -sharing on  -autosm -lib work C:\Users\knekritz\UMKarts\gc\component\work\gc\CoreUARTapb_0\rtl\vlog\core_obfuscated\Clock_gen.v -lib work C:\Users\knekritz\UMKarts\gc\component\work\gc\CoreUARTapb_0\rtl\vlog\core_obfuscated\Tx_async.v -lib work C:\Users\knekritz\UMKarts\gc\component\work\gc\CoreUARTapb_0\rtl\vlog\core_obfuscated\Rx_async.v -lib work C:\Users\knekritz\UMKarts\gc\component\work\gc\CoreUARTapb_0\rtl\vlog\core_obfuscated\fifo_256x8_smartfusion.v -lib work C:\Users\knekritz\UMKarts\gc\component\work\gc\CoreUARTapb_0\rtl\vlog\core_obfuscated\CoreUART.v -lib work C:\Users\knekritz\UMKarts\gc\component\work\gc\CoreUARTapb_0\rtl\vlog\core_obfuscated\CoreUARTapb.v -lib work C:\Users\knekritz\UMKarts\gc\component\work\gc_MSS\mss_tshell.v -lib work C:\Users\knekritz\UMKarts\gc\component\Actel\SmartFusionMSS\MSS\2.5.106\mss_comps.v -lib work C:\Users\knekritz\UMKarts\gc\component\work\gc_MSS\MSS_CCC_0\gc_MSS_tmp_MSS_CCC_0_MSS_CCC.v -lib work C:\Users\knekritz\UMKarts\gc\component\work\gc_MSS\gc_MSS.v -lib work C:\Users\knekritz\UMKarts\gc\hdl\receive.v -lib work C:\Users\knekritz\UMKarts\gc\hdl\query.v -lib work C:\Users\knekritz\UMKarts\gc\hdl\motor.v -lib work C:\Users\knekritz\UMKarts\gc\hdl\motorWrapper.v -lib COREAPB3_LIB C:\Users\knekritz\UMKarts\gc\component\Actel\DirectCore\CoreAPB3\4.0.100\rtl\vlog\core_obfuscated\coreapb3_muxptob3.v -lib COREAPB3_LIB C:\Users\knekritz\UMKarts\gc\component\Actel\DirectCore\CoreAPB3\4.0.100\rtl\vlog\core_obfuscated\coreapb3_iaddr_reg.v -lib COREAPB3_LIB C:\Users\knekritz\UMKarts\gc\component\Actel\DirectCore\CoreAPB3\4.0.100\rtl\vlog\core_obfuscated\coreapb3.v -lib work C:\Users\knekritz\UMKarts\gc\component\work\gc\gc.v -loga  C:\Users\knekritz\UMKarts\gc\synthesis\gc.srr 
rc:1 success:1
C:\Users\knekritz\UMKarts\gc\synthesis\synwork\gc_compiler.srs|o|1384993522|83899
C:\Microsemi\Libero_v11.0\Synopsys\synplify_G201209MSP1\lib\proasic\smartfusion.v|i|1360942192|72817
C:\Users\knekritz\UMKarts\gc\component\work\gc\CoreUARTapb_0\rtl\vlog\core_obfuscated\Clock_gen.v|i|1384993484|6121
C:\Users\knekritz\UMKarts\gc\component\work\gc\CoreUARTapb_0\rtl\vlog\core_obfuscated\Tx_async.v|i|1384993484|5218
C:\Users\knekritz\UMKarts\gc\component\work\gc\CoreUARTapb_0\rtl\vlog\core_obfuscated\Rx_async.v|i|1384993484|9457
C:\Users\knekritz\UMKarts\gc\component\work\gc\CoreUARTapb_0\rtl\vlog\core_obfuscated\fifo_256x8_smartfusion.v|i|1384993484|4444
C:\Users\knekritz\UMKarts\gc\component\work\gc\CoreUARTapb_0\rtl\vlog\core_obfuscated\CoreUART.v|i|1384993484|9009
C:\Users\knekritz\UMKarts\gc\component\work\gc\CoreUARTapb_0\rtl\vlog\core_obfuscated\CoreUARTapb.v|i|1384993484|6573
C:\Users\knekritz\UMKarts\gc\component\work\gc_MSS\mss_tshell.v|i|1384993477|12226
C:\Users\knekritz\UMKarts\gc\component\Actel\SmartFusionMSS\MSS\2.5.106\mss_comps.v|i|1359496019|11243
C:\Users\knekritz\UMKarts\gc\component\work\gc_MSS\MSS_CCC_0\gc_MSS_tmp_MSS_CCC_0_MSS_CCC.v|i|1384993476|2880
C:\Users\knekritz\UMKarts\gc\component\work\gc_MSS\gc_MSS.v|i|1384993482|24020
C:\Users\knekritz\UMKarts\gc\hdl\receive.v|i|1384990247|2612
C:\Users\knekritz\UMKarts\gc\hdl\query.v|i|1384990247|3904
C:\Users\knekritz\UMKarts\gc\hdl\motor.v|i|1384990247|8498
C:\Users\knekritz\UMKarts\gc\hdl\motorWrapper.v|i|1384990247|1416
C:\Users\knekritz\UMKarts\gc\component\Actel\DirectCore\CoreAPB3\4.0.100\rtl\vlog\core_obfuscated\coreapb3_muxptob3.v|i|1365462977|6738
C:\Users\knekritz\UMKarts\gc\component\Actel\DirectCore\CoreAPB3\4.0.100\rtl\vlog\core_obfuscated\coreapb3_iaddr_reg.v|i|1365462977|3312
C:\Users\knekritz\UMKarts\gc\component\Actel\DirectCore\CoreAPB3\4.0.100\rtl\vlog\core_obfuscated\coreapb3.v|i|1365462977|32421
C:\Users\knekritz\UMKarts\gc\component\work\gc\gc.v|i|1384993485|21205
C:\Users\knekritz\UMKarts\gc\synthesis\gc.srr|o|1384993522|29091
C:\Microsemi\Libero_v11.0\Synopsys\synplify_G201209MSP1\bin64\c_ver.exe|i|1361373522|5587456
C:\Microsemi\Libero_v11.0\Synopsys\synplify_G201209MSP1\bin\c_ver.exe|i|1361373516|2088448
