Target Part: A2F200M3F_FBGA484_-1
Report for cell gc.verilog
  Core Cell usage:
              cell count     area count*area
              AND2    21      1.0       21.0
             AND2A     1      1.0        1.0
              AND3     6      1.0        6.0
               AO1    68      1.0       68.0
              AO1A     7      1.0        7.0
              AO1B     5      1.0        5.0
              AO1C     9      1.0        9.0
              AO1D     2      1.0        2.0
              AOI1    17      1.0       17.0
             AOI1B     1      1.0        1.0
              AOI5     2      1.0        2.0
               AX1     5      1.0        5.0
              AX1A     6      1.0        6.0
              AX1B     2      1.0        2.0
              AX1C    11      1.0       11.0
              AX1D     4      1.0        4.0
              AX1E     3      1.0        3.0
              AXO1     1      1.0        1.0
             AXOI3     1      1.0        1.0
             AXOI7     1      1.0        1.0
              BUFF     8      1.0        8.0
            CLKINT     3      0.0        0.0
               GND    23      0.0        0.0
               INV     3      1.0        3.0
              MIN3     1      1.0        1.0
            MSSINT     1      0.0        0.0
           MSS_APB     1      0.0        0.0
           MSS_CCC     1      0.0        0.0
               MX2   395      1.0      395.0
              MX2A    29      1.0       29.0
              MX2B     3      1.0        3.0
             NAND2     2      1.0        2.0
              NOR2    65      1.0       65.0
             NOR2A   191      1.0      191.0
             NOR2B   312      1.0      312.0
              NOR3    28      1.0       28.0
             NOR3A    65      1.0       65.0
             NOR3B    56      1.0       56.0
             NOR3C   121      1.0      121.0
               OA1     5      1.0        5.0
              OA1A     8      1.0        8.0
              OA1B     7      1.0        7.0
              OA1C    24      1.0       24.0
              OAI1     1      1.0        1.0
               OR2    46      1.0       46.0
              OR2A    81      1.0       81.0
              OR2B    36      1.0       36.0
               OR3    51      1.0       51.0
              OR3A    11      1.0       11.0
              OR3B    22      1.0       22.0
              OR3C    16      1.0       16.0
             RCOSC     1      0.0        0.0
               VCC    23      0.0        0.0
               XA1     4      1.0        4.0
              XA1A     7      1.0        7.0
              XA1B    48      1.0       48.0
              XA1C    70      1.0       70.0
             XNOR2    22      1.0       22.0
             XNOR3    13      1.0       13.0
               XO1    20      1.0       20.0
              XOR2   128      1.0      128.0
              XOR3     8      1.0        8.0


              DFN1   410      1.0      410.0
            DFN1C0    95      1.0       95.0
            DFN1E0    87      1.0       87.0
          DFN1E0C0    16      1.0       16.0
          DFN1E0P0     1      1.0        1.0
            DFN1E1   126      1.0      126.0
          DFN1E1C0   103      1.0      103.0
          DFN1E1P0     1      1.0        1.0
            DFN1P0     3      1.0        3.0
            RAM4K9     1      0.0        0.0
                   -----          ----------
             TOTAL  2976              2922.0


  IO Cell usage:
              cell count
             BIBUF     1
         BIBUF_MSS     2
             INBUF     1
           INBUF_A     1
         INBUF_MSS     7
            OUTBUF     7
          OUTBUF_A     1
        OUTBUF_MSS     2
       TRIBUFF_MSS     1
                   -----
             TOTAL    23


Core Cells         : 2922 of 4608 (63%)
IO Cells           : 23

  RAM/ROM Usage Summary
Block Rams : 1 of 8 (12%)

