FlashPro
Version: 11.0.0.23
Release: v11.0

Software Version: 11.0.0.23
PDB file 'C:\Users\knekritz\UMKarts\gc\designer\impl1\gc_fp\gc.pdb' has been loaded
successfully.
DESIGN : gc;  CHECKSUM : E3FA;  PDB_VERSION : 1.8
Driver : 3.0.0 build 1
programmer '69655' : FlashPro3
Opened 'C:\Users\knekritz\UMKarts\gc\designer\impl1\gc_fp\gc.pro'
Info: Updating Flash Memory data from file
      C:\Users\knekritz\UMKarts\gc\component\work\gc_MSS\MSS_ENVM_0\MSS_ENVM_0.efc.
Info: Updating FPGA Array data from file C:\Users\knekritz\UMKarts\gc\designer\impl1\gc.fdb.
PDB file 'C:\Users\knekritz\UMKarts\gc\designer\impl1\gc_fp\gc.pdb' has been loaded
successfully.
DESIGN : gc;  CHECKSUM : E3FA;  PDB_VERSION : 1.8
programmer '69655' :  Pinging Programmer...
programmer '69655' :  Programmer Found.
Error: VPUMP output low state: Expected 0..0, Actual 2800
Error: programmer '69655' : Self Test FAILED. Make sure the programmer is connected to the
       Loopback Test Board.
Error: Failed to run self-test on the programmer '69655'.
programmer '69655' : Scan Chain...
Warning: programmer '69655' : Vpump has been selected on programmer AND an externally provided
         Vpump has also been detected. Using externally provided Vpump voltage source.
Error: programmer '69655' : Signal Integrity Failure
       Integrity Check Pattern Not Found.
       Integrity Check Pattern :
       550FAAF000FF0000FFFF
       IrScan Error.
       TDO stuck at 0
       Chain Analysis Failed.
Error: programmer '69655' : Data Bit length : 8272
Error: programmer '69655' : Compare Data  :
       0000000000000000000000000000000000000000000000000000000000000000000000000000000000000000\
       0000000000000000000000000000000000000000000000000000000000000000000000000000000000000000\
       0000000000000000000000000000000000000000000000000000000000000000000000000000000000000000\
       0000000000000000000000000000000000000000000000000000000000000000000000000000000000000000\
       0000000000000000000000000000000000000000000000000000000000000000000000000000000000000000\
       0000000000000000000000000000000000000000000000000000000000000000000000000000000000000000\
       0000000000000000000000000000000000000000000000000000000000000000000000000000000000000000\
       0000000000000000000000000000000000000000000000000000000000000000000000000000000000000000\
       0000000000000000000000000000000000000000000000000000000000000000000000000000000000000000\
       0000000000000000000000000000000000000000000000000000000000000000000000000000000000000000\
       0000000000000000000000000000000000000000000000000000000000000000000000000000000000000000\
       0000000000000000000000000000000000000000000000000000000000000000000000000000000000000000\
       0000000000000000000000000000000000000000000000000000000000000000000000000000000000000000\
       0000000000000000000000000000000000000000000000000000000000000000000000000000000000000000\
       0000000000000000000000000000000000000000000000000000000000000000000000000000000000000000\
       0000000000000000000000000000000000000000000000000000000000000000000000000000000000000000\
       0000000000000000000000000000000000000000000000000000000000000000000000000000000000000000\
       0000000000000000000000000000000000000000000000000000000000000000000000000000000000000000\
       0000000000000000000000000000000000000000000000000000000000000000000000000000000000000000\
       0000000000000000000000000000000000000000000000000000000000000000000000000000000000000000\
       0000000000000000000000000000000000000000000000000000000000000000000000000000000000000000\
       0000000000000000000000000000000000000000000000000000000000000000000000000000000000000000\
       0000000000000000000000000000000000000000000000000000000000000000000000000000000000000000\
       00000000000000000000000000000000000000000000
Error: programmer '69655' : Scan Chain FAILED.
programmer '69655' :  Pinging Programmer...
programmer '69655' :  Programmer Found.
Error: VPUMP output low state: Expected 0..0, Actual 2800
Error: programmer '69655' : Self Test FAILED. Make sure the programmer is connected to the
       Loopback Test Board.
Error: Failed to run self-test on the programmer '69655'.
Error: VPUMP output low state: Expected 0..0, Actual 2800
Error: programmer '69655' : Self Test FAILED. Make sure the programmer is connected to the
       Loopback Test Board.
Error: Failed to run self-test on the programmer '69655'.
programmer '69655' : Scan Chain...
Warning: programmer '69655' : Vpump has been selected on programmer AND an externally provided
         Vpump has also been detected. Using externally provided Vpump voltage source.
Error: programmer '69655' : Signal Integrity Failure
       Integrity Check Pattern Not Found.
       Integrity Check Pattern :
       550FAAF000FF0000FFFF
       IrScan Error.
       TDO stuck at 0
       Chain Analysis Failed.
Error: programmer '69655' : Data Bit length : 8272
Error: programmer '69655' : Compare Data  :
       0000000000000000000000000000000000000000000000000000000000000000000000000000000000000000\
       0000000000000000000000000000000000000000000000000000000000000000000000000000000000000000\
       0000000000000000000000000000000000000000000000000000000000000000000000000000000000000000\
       0000000000000000000000000000000000000000000000000000000000000000000000000000000000000000\
       0000000000000000000000000000000000000000000000000000000000000000000000000000000000000000\
       0000000000000000000000000000000000000000000000000000000000000000000000000000000000000000\
       0000000000000000000000000000000000000000000000000000000000000000000000000000000000000000\
       0000000000000000000000000000000000000000000000000000000000000000000000000000000000000000\
       0000000000000000000000000000000000000000000000000000000000000000000000000000000000000000\
       0000000000000000000000000000000000000000000000000000000000000000000000000000000000000000\
       0000000000000000000000000000000000000000000000000000000000000000000000000000000000000000\
       0000000000000000000000000000000000000000000000000000000000000000000000000000000000000000\
       0000000000000000000000000000000000000000000000000000000000000000000000000000000000000000\
       0000000000000000000000000000000000000000000000000000000000000000000000000000000000000000\
       0000000000000000000000000000000000000000000000000000000000000000000000000000000000000000\
       0000000000000000000000000000000000000000000000000000000000000000000000000000000000000000\
       0000000000000000000000000000000000000000000000000000000000000000000000000000000000000000\
       0000000000000000000000000000000000000000000000000000000000000000000000000000000000000000\
       0000000000000000000000000000000000000000000000000000000000000000000000000000000000000000\
       0000000000000000000000000000000000000000000000000000000000000000000000000000000000000000\
       0000000000000000000000000000000000000000000000000000000000000000000000000000000000000000\
       0000000000000000000000000000000000000000000000000000000000000000000000000000000000000000\
       0000000000000000000000000000000000000000000000000000000000000000000000000000000000000000\
       00000000000000000000000000000000000000000000
Error: programmer '69655' : Scan Chain FAILED.
programmer '69655' :  Pinging Programmer...
programmer '69655' :  Programmer Found.
programmer '69655' : Scan Chain...
Warning: programmer '69655' : Vpump has been selected on programmer AND an externally provided
         Vpump has also been detected. Using externally provided Vpump voltage source.
programmer '69655' : Scan Chain PASSED.
programmer '69655' : Executing action PROGRAM
programmer '69655' : EXPORT FSN[48] = 000000000000
programmer '69655' : Erase ...
programmer '69655' : Failed to program UROW
programmer '69655' : EXPORT ERROR_CODE[16] = 8056
programmer '69655' : Finished: Wed Nov 20 20:08:34 2013 (Elapsed time 00:00:19)
Error: programmer '69655' : Executing action PROGRAM FAILED, EXIT -24, refer to FlashPro online
       help for details.

                        o - o - o - o - o - o

programmer '69655' : Scan Chain...
Warning: programmer '69655' : Vpump has been selected on programmer AND an externally provided
         Vpump has also been detected. Using externally provided Vpump voltage source.
Error: programmer '69655' : Signal Integrity Failure
       Integrity Check Pattern Not Found.
       Integrity Check Pattern :
       550FAAF000FF0000FFFF
       IrScan Error.
       TDO stuck at 0
       Chain Analysis Failed.
Error: programmer '69655' : Data Bit length : 8272
Error: programmer '69655' : Compare Data  :
       0000000000000000000000000000000000000000000000000000000000000000000000000000000000000000\
       0000000000000000000000000000000000000000000000000000000000000000000000000000000000000000\
       0000000000000000000000000000000000000000000000000000000000000000000000000000000000000000\
       0000000000000000000000000000000000000000000000000000000000000000000000000000000000000000\
       0000000000000000000000000000000000000000000000000000000000000000000000000000000000000000\
       0000000000000000000000000000000000000000000000000000000000000000000000000000000000000000\
       0000000000000000000000000000000000000000000000000000000000000000000000000000000000000000\
       0000000000000000000000000000000000000000000000000000000000000000000000000000000000000000\
       0000000000000000000000000000000000000000000000000000000000000000000000000000000000000000\
       0000000000000000000000000000000000000000000000000000000000000000000000000000000000000000\
       0000000000000000000000000000000000000000000000000000000000000000000000000000000000000000\
       0000000000000000000000000000000000000000000000000000000000000000000000000000000000000000\
       0000000000000000000000000000000000000000000000000000000000000000000000000000000000000000\
       0000000000000000000000000000000000000000000000000000000000000000000000000000000000000000\
       0000000000000000000000000000000000000000000000000000000000000000000000000000000000000000\
       0000000000000000000000000000000000000000000000000000000000000000000000000000000000000000\
       0000000000000000000000000000000000000000000000000000000000000000000000000000000000000000\
       0000000000000000000000000000000000000000000000000000000000000000000000000000000000000000\
       0000000000000000000000000000000000000000000000000000000000000000000000000000000000000000\
       0000000000000000000000000000000000000000000000000000000000000000000000000000000000000000\
       0000000000000000000000000000000000000000000000000000000000000000000000000000000000000000\
       0000000000000000000000000000000000000000000000000000000000000000000000000000000000000000\
       0000000000000000000000000000000000000000000000000000000000000000000000000000000000000000\
       00000000000000000000000000000000000000000000
Error: programmer '69655' : Scan Chain FAILED.
Error: VPUMP output low state: Expected 0..0, Actual 2800
Error: programmer '69655' : Self Test FAILED. Make sure the programmer is connected to the
       Loopback Test Board.
Error: Failed to run self-test on the programmer '69655'.
programmer '69655' : Scan Chain...
Error: Vjtag is disconnected or shorted. Please check the FPGA's Vjtag pin is properly
       connected. Please check that the target board is powered.
Error: programmer '69655' : Scan Chain FAILED.
programmer '69655' :  Pinging Programmer...
programmer '69655' :  Programmer Found.
Error: VPUMP output low state: Expected 0..0, Actual 2800
Error: programmer '69655' : Self Test FAILED. Make sure the programmer is connected to the
       Loopback Test Board.
Error: Failed to run self-test on the programmer '69655'.
programmer '69655' : Scan Chain...
Error: Vjtag is disconnected or shorted. Please check the FPGA's Vjtag pin is properly
       connected. Please check that the target board is powered.
Error: programmer '69655' : Scan Chain FAILED.
Rescanning for Programmers...
programmer '69655' : FlashPro3
Rescanning for Programmers DONE.
programmer '69655' :  Pinging Programmer...
programmer '69655' :  Programmer Found.
programmer '69655' : Scan Chain...
Warning: programmer '69655' : Vpump has been selected on programmer AND an externally provided
         Vpump has also been detected. Using externally provided Vpump voltage source.
Error: programmer '69655' : Signal Integrity Failure
       Integrity Check Pattern Not Found.
       Integrity Check Pattern :
       550FAAF000FF0000FFFF
       IrScan Error.
       TDO stuck at 0
       Chain Analysis Failed.
Error: programmer '69655' : Data Bit length : 8272
Error: programmer '69655' : Compare Data  :
       0000000000000000000000000000000000000000000000000000000000000000000000000000000000000000\
       0000000000000000000000000000000000000000000000000000000000000000000000000000000000000000\
       0000000000000000000000000000000000000000000000000000000000000000000000000000000000000000\
       0000000000000000000000000000000000000000000000000000000000000000000000000000000000000000\
       0000000000000000000000000000000000000000000000000000000000000000000000000000000000000000\
       0000000000000000000000000000000000000000000000000000000000000000000000000000000000000000\
       0000000000000000000000000000000000000000000000000000000000000000000000000000000000000000\
       0000000000000000000000000000000000000000000000000000000000000000000000000000000000000000\
       0000000000000000000000000000000000000000000000000000000000000000000000000000000000000000\
       0000000000000000000000000000000000000000000000000000000000000000000000000000000000000000\
       0000000000000000000000000000000000000000000000000000000000000000000000000000000000000000\
       0000000000000000000000000000000000000000000000000000000000000000000000000000000000000000\
       0000000000000000000000000000000000000000000000000000000000000000000000000000000000000000\
       0000000000000000000000000000000000000000000000000000000000000000000000000000000000000000\
       0000000000000000000000000000000000000000000000000000000000000000000000000000000000000000\
       0000000000000000000000000000000000000000000000000000000000000000000000000000000000000000\
       0000000000000000000000000000000000000000000000000000000000000000000000000000000000000000\
       0000000000000000000000000000000000000000000000000000000000000000000000000000000000000000\
       0000000000000000000000000000000000000000000000000000000000000000000000000000000000000000\
       0000000000000000000000000000000000000000000000000000000000000000000000000000000000000000\
       0000000000000000000000000000000000000000000000000000000000000000000000000000000000000000\
       0000000000000000000000000000000000000000000000000000000000000000000000000000000000000000\
       0000000000000000000000000000000000000000000000000000000000000000000000000000000000000000\
       00000000000000000000000000000000000000000000
Error: programmer '69655' : Scan Chain FAILED.
Error: Failed to run Action.
Rescanning for Programmers...
programmer '69655' : FlashPro3
Rescanning for Programmers DONE.
programmer '69655' :  Pinging Programmer...
programmer '69655' :  Programmer Found.
programmer '69655' : Scan Chain...
Warning: programmer '69655' : Vpump has been selected on programmer AND an externally provided
         Vpump has also been detected. Using externally provided Vpump voltage source.
Error: programmer '69655' : Signal Integrity Failure
       Integrity Check Pattern Not Found.
       Integrity Check Pattern :
       550FAAF000FF0000FFFF
       IrScan Error.
       TDO stuck at 0
       Chain Analysis Failed.
Error: programmer '69655' : Data Bit length : 8272
Error: programmer '69655' : Compare Data  :
       0000000000000000000000000000000000000000000000000000000000000000000000000000000000000000\
       0000000000000000000000000000000000000000000000000000000000000000000000000000000000000000\
       0000000000000000000000000000000000000000000000000000000000000000000000000000000000000000\
       0000000000000000000000000000000000000000000000000000000000000000000000000000000000000000\
       0000000000000000000000000000000000000000000000000000000000000000000000000000000000000000\
       0000000000000000000000000000000000000000000000000000000000000000000000000000000000000000\
       0000000000000000000000000000000000000000000000000000000000000000000000000000000000000000\
       0000000000000000000000000000000000000000000000000000000000000000000000000000000000000000\
       0000000000000000000000000000000000000000000000000000000000000000000000000000000000000000\
       0000000000000000000000000000000000000000000000000000000000000000000000000000000000000000\
       0000000000000000000000000000000000000000000000000000000000000000000000000000000000000000\
       0000000000000000000000000000000000000000000000000000000000000000000000000000000000000000\
       0000000000000000000000000000000000000000000000000000000000000000000000000000000000000000\
       0000000000000000000000000000000000000000000000000000000000000000000000000000000000000000\
       0000000000000000000000000000000000000000000000000000000000000000000000000000000000000000\
       0000000000000000000000000000000000000000000000000000000000000000000000000000000000000000\
       0000000000000000000000000000000000000000000000000000000000000000000000000000000000000000\
       0000000000000000000000000000000000000000000000000000000000000000000000000000000000000000\
       0000000000000000000000000000000000000000000000000000000000000000000000000000000000000000\
       0000000000000000000000000000000000000000000000000000000000000000000000000000000000000000\
       0000000000000000000000000000000000000000000000000000000000000000000000000000000000000000\
       0000000000000000000000000000000000000000000000000000000000000000000000000000000000000000\
       0000000000000000000000000000000000000000000000000000000000000000000000000000000000000000\
       00000000000000000000000000000000000000000000
Error: programmer '69655' : Scan Chain FAILED.
Error: Failed to run Action.
Rescanning for Programmers...
programmer '80078' : FlashPro3
Rescanning for Programmers DONE.
programmer '80078' : Scan Chain...
Warning: programmer '80078' : Vpump has been selected on programmer AND an externally provided
         Vpump has also been detected. Using externally provided Vpump voltage source.
programmer '80078' : Scan Chain PASSED.
programmer '80078' : Executing action PROGRAM
programmer '80078' : EXPORT FSN[48] = 0114ab403c7c
programmer '80078' : Erase ...
programmer '80078' : Completed erase
programmer '80078' : EXPORT CHECKSUM: [16] = e3fa
programmer '80078' : Programming FPGA Array
programmer '80078' : Verifying FPGA Array
programmer '80078' :         Verifying FPGA Array -- pass
programmer '80078' : Program System Init and Boot Clients...
programmer '80078' : Verify System Init and Boot Clients...
programmer '80078' : Finished: Wed Nov 20 20:14:41 2013 (Elapsed time 00:00:38)
programmer '80078' : Executing action PROGRAM PASSED.

                        o - o - o - o - o - o

Warning: Project 'gc' has been modified. Do you want to save it? [YES]
Project saved.
Project closed.
