FlashPro
Version: 11.0.0.23
Release: v11.0

Software Version: 11.0.0.23
PDB file 'C:\Users\mikechri\Downloads\gc\gc\designer\impl1\gc_fp\gc.pdb' has been loaded
successfully.
DESIGN : gc;  CHECKSUM : 891E;  PDB_VERSION : 1.8
Driver : 3.0.0 build 1
programmer '78524' : FlashPro3
Opened 'C:/Users/mikechri/Downloads/gc/gc/designer/impl1/gc_fp/gc.pro'
The 'open_project' command succeeded.
The 'set_programming_file' command succeeded.
The 'set_device_type' command succeeded.
The 'set_device_package' command succeeded.
Info: Adding Flash Memory data from file
      C:\Users\mikechri\Downloads\gc\gc\component\work\gc_MSS\MSS_ENVM_0\MSS_ENVM_0.efc.
Info: Adding FPGA Array data from file C:\Users\mikechri\Downloads\gc\gc\designer\impl1\gc.fdb.
PDB file 'C:\Users\mikechri\Downloads\gc\gc\designer\impl1\gc_fp\gc.pdb' has been loaded
successfully.
DESIGN : gc;  CHECKSUM : FBB8;  PDB_VERSION : 1.8
The 'update_programming_file' command succeeded.
The 'set_programming_action' command succeeded.
programmer '78524' : Scan Chain...
Warning: programmer '78524' : Vpump has been selected on programmer AND an externally provided
         Vpump has also been detected. Using externally provided Vpump voltage source.
programmer '78524' : Scan Chain PASSED.
programmer '78524' : Executing action PROGRAM
programmer '78524' : EXPORT FSN[48] = 0114ab28106c
programmer '78524' : Erase ...
programmer '78524' : Completed erase
programmer '78524' : EXPORT CHECKSUM: [16] = fbb8
programmer '78524' : Programming FPGA Array
programmer '78524' : Verifying FPGA Array
programmer '78524' :         Verifying FPGA Array -- pass
programmer '78524' : Program System Init and Boot Clients...
programmer '78524' : Verify System Init and Boot Clients...
programmer '78524' : Finished: Sun Nov 03 20:32:41 2013 (Elapsed time 00:00:39)
programmer '78524' : Executing action PROGRAM PASSED.

                        o - o - o - o - o - o

The 'run_selected_actions' command succeeded.
Project saved.
The 'save_project' command succeeded.
Project closed.
